16:20:15.300 [Druid-ConnectionPool-Create-1709983750] ERROR c.a.d.p.DruidDataSource - [put,2422] - create connection holder error
com.mysql.cj.jdbc.exceptions.CommunicationsException: Communications link failure

The last packet successfully received from the server was 1,010 milliseconds ago.  The last packet sent successfully to the server was 2,025 milliseconds ago.
	at com.mysql.cj.jdbc.exceptions.SQLError.createCommunicationsException(SQLError.java:174)
	at com.mysql.cj.jdbc.exceptions.SQLExceptionsMapping.translateException(SQLExceptionsMapping.java:64)
	at com.mysql.cj.jdbc.ConnectionImpl.isReadOnly(ConnectionImpl.java:1429)
	at com.mysql.cj.jdbc.ConnectionImpl.isReadOnly(ConnectionImpl.java:1408)
	at com.alibaba.druid.pool.DruidConnectionHolder.<init>(DruidConnectionHolder.java:137)
	at com.alibaba.druid.pool.DruidConnectionHolder.<init>(DruidConnectionHolder.java:77)
	at com.alibaba.druid.pool.DruidDataSource.put(DruidDataSource.java:2412)
	at com.alibaba.druid.pool.DruidDataSource$CreateConnectionThread.run(DruidDataSource.java:2757)
Caused by: com.mysql.cj.exceptions.CJCommunicationsException: Communications link failure

The last packet successfully received from the server was 1,010 milliseconds ago.  The last packet sent successfully to the server was 2,025 milliseconds ago.
	at sun.reflect.NativeConstructorAccessorImpl.newInstance0(Native Method)
	at sun.reflect.NativeConstructorAccessorImpl.newInstance(NativeConstructorAccessorImpl.java:62)
	at sun.reflect.DelegatingConstructorAccessorImpl.newInstance(DelegatingConstructorAccessorImpl.java:45)
	at java.lang.reflect.Constructor.newInstance(Constructor.java:423)
	at com.mysql.cj.exceptions.ExceptionFactory.createException(ExceptionFactory.java:61)
	at com.mysql.cj.exceptions.ExceptionFactory.createException(ExceptionFactory.java:105)
	at com.mysql.cj.exceptions.ExceptionFactory.createException(ExceptionFactory.java:151)
	at com.mysql.cj.exceptions.ExceptionFactory.createCommunicationsException(ExceptionFactory.java:167)
	at com.mysql.cj.protocol.a.NativeProtocol.sendCommand(NativeProtocol.java:653)
	at com.mysql.cj.protocol.a.NativeProtocol.sendCommand(NativeProtocol.java:132)
	at com.mysql.cj.NativeSession.sendCommand(NativeSession.java:321)
	at com.mysql.cj.NativeSession.queryServerVariable(NativeSession.java:1075)
	at com.mysql.cj.jdbc.ConnectionImpl.isReadOnly(ConnectionImpl.java:1416)
	... 5 common frames omitted
Caused by: java.lang.NullPointerException: null
	at com.mysql.cj.protocol.a.NativeProtocol.clearInputStream(NativeProtocol.java:826)
	at com.mysql.cj.protocol.a.NativeProtocol.sendCommand(NativeProtocol.java:645)
	... 9 common frames omitted
19:17:02.483 [restartedMain] ERROR c.r.p.s.c.BaseCall - [callService,118] - Read timed out
